<?xml version="1.0" encoding="UTF-8"?>
<!-- Generated by org.testng.reporters.JUnitReportReporter -->
<testsuite skipped="0" hostname="DESKTOP-2COP05S" name="QTRecognition.kudosSearch" tests="1" failures="0" timestamp="2021-10-21T02:08:46 IST" time="24.285" errors="0">
  <testcase name="search" time="24.285" classname="QTRecognition.kudosSearch"/>
  <system-out/>
</testsuite> <!-- QTRecognition.kudosSearch -->
