<?xml version="1.0" encoding="UTF-8"?>
<!-- Generated by org.testng.reporters.JUnitReportReporter -->
<testsuite skipped="0" hostname="DESKTOP-2COP05S" name="QTRecognition.kudosRecent" tests="1" failures="0" timestamp="2021-10-21T16:04:49 IST" time="16.901" errors="0">
  <testcase name="kudosrecentv" time="16.901" classname="QTRecognition.kudosRecent"/>
  <system-out/>
</testsuite> <!-- QTRecognition.kudosRecent -->
