<?xml version="1.0" encoding="UTF-8"?>
<!-- Generated by org.testng.reporters.JUnitReportReporter -->
<testsuite skipped="0" hostname="DESKTOP-2COP05S" name="QTRecognition.login" tests="1" failures="0" timestamp="2021-10-20T04:48:16 IST" time="6.674" errors="0">
  <testcase name="verify" time="6.674" classname="QTRecognition.login"/>
  <system-out/>
</testsuite> <!-- QTRecognition.login -->
