<?xml version="1.0" encoding="UTF-8"?>
<!-- Generated by org.testng.reporters.JUnitReportReporter -->
<testsuite skipped="0" hostname="DESKTOP-2COP05S" name="QTRecognition.Activity" tests="1" failures="0" timestamp="2021-10-21T15:33:09 IST" time="12.022" errors="0">
  <testcase name="activity" time="12.022" classname="QTRecognition.Activity"/>
  <system-out/>
</testsuite> <!-- QTRecognition.Activity -->
