<?xml version="1.0" encoding="UTF-8"?>
<!-- Generated by org.testng.reporters.JUnitReportReporter -->
<testsuite skipped="0" hostname="DESKTOP-2COP05S" name="QTRecognition.kudosRecent" tests="1" failures="0" timestamp="2021-10-20T09:53:02 IST" time="13.173" errors="0">
  <testcase name="kudosrecentv" time="13.173" classname="QTRecognition.kudosRecent"/>
  <system-out/>
</testsuite> <!-- QTRecognition.kudosRecent -->
