<?xml version="1.0" encoding="UTF-8"?>
<!-- Generated by org.testng.reporters.JUnitReportReporter -->
<testsuite skipped="0" hostname="DESKTOP-2COP05S" name="QTRecognition.base" tests="1" failures="0" timestamp="2021-10-17T02:29:44 IST" time="6.253" errors="0">
  <testcase name="intial" time="6.253" classname="QTRecognition.base"/>
  <system-out/>
</testsuite> <!-- QTRecognition.base -->
