<?xml version="1.0" encoding="UTF-8"?>
<!-- Generated by org.testng.reporters.JUnitReportReporter -->
<testsuite skipped="0" hostname="DESKTOP-2COP05S" name="QTRecognition.others" tests="1" failures="0" timestamp="2021-10-21T16:03:14 IST" time="36.086" errors="0">
  <testcase name="other" time="36.086" classname="QTRecognition.others"/>
  <system-out/>
</testsuite> <!-- QTRecognition.others -->
