<?xml version="1.0" encoding="UTF-8"?>
<!-- Generated by org.testng.reporters.JUnitReportReporter -->
<testsuite skipped="0" hostname="DESKTOP-2COP05S" name="QTRecognition.AppTest" tests="1" failures="0" timestamp="2021-10-21T02:33:56 IST" time="0.004" errors="0">
  <testcase name="testApp" time="0.004" classname="QTRecognition.AppTest"/>
  <system-out/>
</testsuite> <!-- QTRecognition.AppTest -->
